12:31:58 INFO  : Processing command line option -hwspec C:/Users/KILLER/Xilinx/zc702/vivado/gpio_demo/gpio_demo.sdk/GPIO_demo_wrapper.hdf.
12:32:04 INFO  : Launching XSDB server: xsdb.bat -s C:/Xilinx/SDK/2014.4/scripts/xsdb/xsdb/xsdb-server.tcl 2450
12:36:07 ERROR : FPGA Configuration failed.Connection to Board Failed


    Unknown Error Occured
    Cable is not connected to the host

12:36:27 INFO  : FPGA configured successfully with bitstream "C:/Users/KILLER/Xilinx/zc702/vivado/gpio_demo/gpio_demo.sdk/GPIO_demo_wrapper_hw_platform_0/GPIO_demo_wrapper.bit"
12:38:07 INFO  : ps7_init is completed.
12:38:07 INFO  : ps7_post_config is completed.
12:38:07 INFO  : Processor reset is completed for ps7_cortexa9_0
12:39:11 INFO  : Processor reset is completed for ps7_cortexa9_0
12:40:17 INFO  : Example project helloworld_bsp_xgpio_intr_example_1 has been created successfully.
12:41:04 INFO  : Example project helloworld_bsp_xgpio_example_1 has been created successfully.
12:45:20 INFO  : Processor reset is completed for ps7_cortexa9_0
12:45:20 INFO  : Memory regions updated for context APU
12:45:20 INFO  : Application is downloaded for ps7_cortexa9_0. (C:\Users\KILLER\Xilinx\zc702\vivado\gpio_demo\gpio_demo.sdk\GPIO_demo\Debug\GPIO_demo.elf)
12:45:44 INFO  : Processor reset is completed for ps7_cortexa9_0
12:51:56 INFO  : Processor reset is completed for ps7_cortexa9_0
12:59:20 INFO  : ps7_cortexa9_0 Processor is in use. Please stop existing Run or Debug sessions before launching.
12:59:24 INFO  : Processor reset is completed for ps7_cortexa9_0
13:11:01 INFO  : Processor reset is completed for ps7_cortexa9_0
13:14:32 INFO  : Processor reset is completed for ps7_cortexa9_0
13:15:30 INFO  : FPGA configured successfully with bitstream "C:/Users/KILLER/Xilinx/zc702/vivado/gpio_demo/gpio_demo.sdk/GPIO_demo_wrapper_hw_platform_0/GPIO_demo_wrapper.bit"
13:15:48 INFO  : ps7_init is completed.
13:15:48 INFO  : ps7_post_config is completed.
13:15:49 INFO  : Processor reset is completed for ps7_cortexa9_0
13:17:36 INFO  : Processor reset is completed for ps7_cortexa9_0
13:22:14 INFO  : Processor reset is completed for ps7_cortexa9_0
13:25:35 INFO  : Processor reset is completed for ps7_cortexa9_0
13:52:59 ERROR : Checking FPGA configuration failed..Connection to Board Failed


    Unknown Error Occured
    Cable is not connected to the host

13:52:59 ERROR : Unexpected error while launching program.
com.xilinx.sdk.targetmanager.TMException: Connection to Board Failed


    Unknown Error Occured
    Cable is not connected to the host

	at com.xilinx.sdk.targetmanager.internal.TM.isFPGAConfigured(TM.java:372)
	at com.xilinx.sdk.debug.core.XilinxAppLaunchConfigurationDelegate.isFpgaConfigured(XilinxAppLaunchConfigurationDelegate.java:378)
	at com.xilinx.sdk.debug.core.XilinxAppLaunchConfigurationDelegate.launch(XilinxAppLaunchConfigurationDelegate.java:287)
	at com.xilinx.sdk.debug.ui.XilinxAppLaunchDelegateWrapper.launch(XilinxAppLaunchDelegateWrapper.java:31)
	at org.eclipse.debug.internal.core.LaunchConfiguration.launch(LaunchConfiguration.java:858)
	at org.eclipse.debug.internal.core.LaunchConfiguration.launch(LaunchConfiguration.java:707)
	at org.eclipse.debug.internal.ui.DebugUIPlugin.buildAndLaunch(DebugUIPlugin.java:1018)
	at org.eclipse.debug.internal.ui.DebugUIPlugin$8.run(DebugUIPlugin.java:1222)
	at org.eclipse.core.internal.jobs.Worker.run(Worker.java:53)
13:53:12 INFO  : ps7_init is completed.
13:53:12 INFO  : ps7_post_config is completed.
13:53:13 INFO  : Processor reset is completed for ps7_cortexa9_0
13:54:30 INFO  : FPGA configured successfully with bitstream "C:/Users/KILLER/Xilinx/zc702/vivado/gpio_demo/gpio_demo.sdk/GPIO_demo_wrapper_hw_platform_0/GPIO_demo_wrapper.bit"
13:54:41 INFO  : ps7_init is completed.
13:54:41 INFO  : ps7_post_config is completed.
13:54:41 INFO  : Processor reset is completed for ps7_cortexa9_0
13:57:27 INFO  : Processor reset is completed for ps7_cortexa9_0
14:01:04 ERROR : Checking FPGA configuration failed..Connection to Board Failed


    Unknown Error Occured
    Cable is not connected to the host

14:01:04 ERROR : Unexpected error while launching program.
com.xilinx.sdk.targetmanager.TMException: Connection to Board Failed


    Unknown Error Occured
    Cable is not connected to the host

	at com.xilinx.sdk.targetmanager.internal.TM.isFPGAConfigured(TM.java:372)
	at com.xilinx.sdk.debug.core.XilinxAppLaunchConfigurationDelegate.isFpgaConfigured(XilinxAppLaunchConfigurationDelegate.java:378)
	at com.xilinx.sdk.debug.core.XilinxAppLaunchConfigurationDelegate.launch(XilinxAppLaunchConfigurationDelegate.java:287)
	at com.xilinx.sdk.debug.ui.XilinxAppLaunchDelegateWrapper.launch(XilinxAppLaunchDelegateWrapper.java:31)
	at org.eclipse.debug.internal.core.LaunchConfiguration.launch(LaunchConfiguration.java:858)
	at org.eclipse.debug.internal.core.LaunchConfiguration.launch(LaunchConfiguration.java:707)
	at org.eclipse.debug.internal.ui.DebugUIPlugin.buildAndLaunch(DebugUIPlugin.java:1018)
	at org.eclipse.debug.internal.ui.DebugUIPlugin$8.run(DebugUIPlugin.java:1222)
	at org.eclipse.core.internal.jobs.Worker.run(Worker.java:53)
14:01:21 INFO  : FPGA configured successfully with bitstream "C:/Users/KILLER/Xilinx/zc702/vivado/gpio_demo/gpio_demo.sdk/GPIO_demo_wrapper_hw_platform_0/GPIO_demo_wrapper.bit"
14:01:28 INFO  : Processor reset is completed for ps7_cortexa9_0
14:02:40 INFO  : FPGA Cable Disconnected. All active launches will be terminated.
14:02:40 WARN  : Terminating existing sessions on processor ps7_cortexa9_0
14:14:02 ERROR : Unexpected error while parsing XMD response ?: com.google.gson.JsonSyntaxException: com.google.gson.stream.MalformedJsonException: invalid number or unquoted string near 
